yuzu
yuzu
char
char
arctic
arctic
slow-cooker
slow-cooker
slow
snail
frog
frog
bean
bean
arctic char
arctic char
arctic char
arctic char
beet
arctic char
arctic char
beet
arctic char
arctic char
beet
arctic char
arctic char
beet
arctic char
arctic char
beet
arctic char
arctic char
beet
arctic char
arctic char
arctic char
beet
arctic char
beet
arctic char
beet
arctic char
beet
arctic char
beet
arctic char
beet
arctic char
beet
arctic char
beet
arctic char
beet
arctic char
beet
arctic char
beet
arctic char
beet
arctic char
beet
arctic char
beet
arctic char
beet
arctic char
beet
arctic char
beet
arctic char
beet
arctic char
beet
arctic char
beet
arctic char
beet
arctic char
beet
arctic char
beet
arctic char
beet
arctic char
beet
arctic char
beet
arctic char
beet
arctic char
